~/tmp[1]> makeboard 2 3 0 0 1 0 0
~/tmp[2]> simpath /tmp/board,2,3,0,0,1,0,0.gb 0.0 1.2
1(0.0)
 -> 4(1.0) #1
 -> 2(0.1) #2
2(0.1)
 -> 5(1.1) #3
 -> 3(0.2) #4
3(0.2)
 -> 6(1.2) #5
4(1.0)
 -> 5(1.1) #6
5(1.1)
 -> 6(1.2) #7
6(1.2)
#1:
Beginning arc 1 (serial=2,head-tail=1)
2:3,4
#2:
Beginning arc 2 (serial=3,head-tail=8)
3:0,5
4:6,0
#3:
Beginning arc 3 (serial=5,head-tail=6)
5:7,8
6:9,a
#4:
Beginning arc 4 (serial=7,head-tail=16)
7:0,b
8:c,0
9:d,0
a:0,e
#5:
Beginning arc 5 (serial=11,head-tail=12)
b:0,1
c:f,0
d:10,0
e:0,11
#6:
Beginning arc 6 (serial=15,head-tail=9)
f:12,0
10:0,12
11:0,1
#7:
Beginning arc 7 (serial=18,head-tail=2)
12:0,1
~/tmp[3]> !2 | simpath-reduce
simpath /tmp/board,2,3,0,0,1,0,0.gb 0.0 1.2 | simpath-reduce
Beginning arc 1 (serial=2,head-tail=1)
Beginning arc 2 (serial=3,head-tail=8)
Beginning arc 3 (serial=5,head-tail=6)
Beginning arc 4 (serial=7,head-tail=16)
Beginning arc 5 (serial=11,head-tail=12)
Beginning arc 6 (serial=15,head-tail=9)
Beginning arc 7 (serial=18,head-tail=2)
7 arcs and 17 branch nodes successfully read.
12: (~7?0:1)
11: (~6?0:1)
10: (~6?0:12)
e: (~5?0:11)
b: (~5?0:1)
a: (~4?0:e)
7: (~4?0:b)
6: (~3?10:a)
5: (~3?7:12)
3: (~2?0:5)
2: (~1?3:6)
11 branch nodes output.
~/tmp[4]> !3 >! /tmp/foo
simpath /tmp/board,2,3,0,0,1,0,0.gb 0.0 1.2 | simpath-reduce > ! /tmp/foo
Beginning arc 1 (serial=2,head-tail=1)
Beginning arc 2 (serial=3,head-tail=8)
Beginning arc 3 (serial=5,head-tail=6)
Beginning arc 4 (serial=7,head-tail=16)
Beginning arc 5 (serial=11,head-tail=12)
Beginning arc 6 (serial=15,head-tail=9)
Beginning arc 7 (serial=18,head-tail=2)
7 arcs and 17 branch nodes successfully read.
11 branch nodes output.
~/tmp[5]> zddread-sols-all /tmp/foo
11 nodes input into mem0
(memmax=18)
There are 7 variables.
0: 2 4 5
1: 2 3 7
2: 1 6 7
3: 1 3 4 5 6
~/tmp[6]> echo "so there are four simple paths from 0.0 to 1.2"
so there are four simple paths from 0.0 to 1.2
~/tmp[7]> echo "namely using arcs #1 #3 #4 #5 #6, #1 #6 #7, #2 #3 #7, #2 #4 #5"
namely using arcs #1 #3 #4 #5 #6, #1 #6 #7, #2 #3 #7, #2 #4 #5
